{
  "/Users/raenlin/Desktop/React-RSSchool-2024/class-components/src/App.tsx": {
    "path": "/Users/raenlin/Desktop/React-RSSchool-2024/class-components/src/App.tsx",
    "all": true,
    "statementMap": {
      "0": { "start": { "line": 1, "column": 0 }, "end": { "line": 1, "column": 19 } },
      "1": { "start": { "line": 2, "column": 0 }, "end": { "line": 2, "column": 44 } },
      "2": { "start": { "line": 3, "column": 0 }, "end": { "line": 3, "column": 76 } },
      "3": { "start": { "line": 4, "column": 0 }, "end": { "line": 4, "column": 42 } },
      "4": { "start": { "line": 5, "column": 0 }, "end": { "line": 5, "column": 42 } },
      "5": { "start": { "line": 6, "column": 0 }, "end": { "line": 6, "column": 36 } },
      "6": { "start": { "line": 7, "column": 0 }, "end": { "line": 7, "column": 55 } },
      "7": { "start": { "line": 8, "column": 0 }, "end": { "line": 8, "column": 42 } },
      "9": { "start": { "line": 10, "column": 0 }, "end": { "line": 10, "column": 53 } },
      "10": { "start": { "line": 11, "column": 0 }, "end": { "line": 11, "column": 49 } },
      "11": { "start": { "line": 12, "column": 0 }, "end": { "line": 12, "column": 42 } },
      "12": { "start": { "line": 13, "column": 0 }, "end": { "line": 13, "column": 55 } },
      "13": { "start": { "line": 14, "column": 0 }, "end": { "line": 14, "column": 48 } },
      "14": { "start": { "line": 15, "column": 0 }, "end": { "line": 15, "column": 48 } },
      "15": { "start": { "line": 16, "column": 0 }, "end": { "line": 16, "column": 42 } },
      "16": { "start": { "line": 17, "column": 0 }, "end": { "line": 17, "column": 42 } },
      "18": { "start": { "line": 19, "column": 0 }, "end": { "line": 19, "column": 46 } },
      "20": { "start": { "line": 21, "column": 0 }, "end": { "line": 21, "column": 23 } },
      "21": { "start": { "line": 22, "column": 0 }, "end": { "line": 22, "column": 61 } },
      "22": { "start": { "line": 23, "column": 0 }, "end": { "line": 23, "column": 51 } },
      "23": { "start": { "line": 24, "column": 0 }, "end": { "line": 24, "column": 44 } },
      "24": { "start": { "line": 25, "column": 0 }, "end": { "line": 25, "column": 24 } },
      "25": { "start": { "line": 26, "column": 0 }, "end": { "line": 26, "column": 22 } },
      "26": { "start": { "line": 27, "column": 0 }, "end": { "line": 27, "column": 5 } },
      "27": { "start": { "line": 28, "column": 0 }, "end": { "line": 28, "column": 46 } },
      "29": { "start": { "line": 30, "column": 0 }, "end": { "line": 30, "column": 68 } },
      "30": { "start": { "line": 31, "column": 0 }, "end": { "line": 31, "column": 43 } },
      "31": { "start": { "line": 32, "column": 0 }, "end": { "line": 32, "column": 38 } },
      "32": { "start": { "line": 33, "column": 0 }, "end": { "line": 33, "column": 5 } },
      "33": { "start": { "line": 34, "column": 0 }, "end": { "line": 34, "column": 51 } },
      "35": { "start": { "line": 36, "column": 0 }, "end": { "line": 36, "column": 19 } },
      "36": { "start": { "line": 37, "column": 0 }, "end": { "line": 37, "column": 27 } },
      "37": { "start": { "line": 38, "column": 0 }, "end": { "line": 38, "column": 32 } },
      "38": { "start": { "line": 39, "column": 0 }, "end": { "line": 39, "column": 5 } },
      "39": { "start": { "line": 40, "column": 0 }, "end": { "line": 40, "column": 14 } },
      "41": { "start": { "line": 42, "column": 0 }, "end": { "line": 42, "column": 53 } },
      "42": { "start": { "line": 43, "column": 0 }, "end": { "line": 43, "column": 64 } },
      "43": { "start": { "line": 44, "column": 0 }, "end": { "line": 44, "column": 97 } },
      "45": { "start": { "line": 46, "column": 0 }, "end": { "line": 46, "column": 52 } },
      "46": { "start": { "line": 47, "column": 0 }, "end": { "line": 47, "column": 39 } },
      "47": { "start": { "line": 48, "column": 0 }, "end": { "line": 48, "column": 4 } },
      "49": { "start": { "line": 50, "column": 0 }, "end": { "line": 50, "column": 35 } },
      "50": { "start": { "line": 51, "column": 0 }, "end": { "line": 51, "column": 76 } },
      "51": { "start": { "line": 52, "column": 0 }, "end": { "line": 52, "column": 4 } },
      "53": { "start": { "line": 54, "column": 0 }, "end": { "line": 54, "column": 14 } },
      "54": { "start": { "line": 55, "column": 0 }, "end": { "line": 55, "column": 24 } },
      "55": { "start": { "line": 56, "column": 0 }, "end": { "line": 56, "column": 3 } },
      "57": { "start": { "line": 58, "column": 0 }, "end": { "line": 58, "column": 10 } },
      "58": { "start": { "line": 59, "column": 0 }, "end": { "line": 59, "column": 19 } },
      "59": { "start": { "line": 60, "column": 0 }, "end": { "line": 60, "column": 66 } },
      "60": { "start": { "line": 61, "column": 0 }, "end": { "line": 61, "column": 57 } },
      "61": { "start": { "line": 62, "column": 0 }, "end": { "line": 62, "column": 65 } },
      "62": { "start": { "line": 63, "column": 0 }, "end": { "line": 63, "column": 22 } },
      "63": { "start": { "line": 64, "column": 0 }, "end": { "line": 64, "column": 40 } },
      "65": { "start": { "line": 66, "column": 0 }, "end": { "line": 66, "column": 18 } },
      "66": { "start": { "line": 67, "column": 0 }, "end": { "line": 67, "column": 18 } },
      "67": { "start": { "line": 68, "column": 0 }, "end": { "line": 68, "column": 22 } },
      "68": { "start": { "line": 69, "column": 0 }, "end": { "line": 69, "column": 23 } },
      "69": { "start": { "line": 70, "column": 0 }, "end": { "line": 70, "column": 21 } },
      "70": { "start": { "line": 71, "column": 0 }, "end": { "line": 71, "column": 31 } },
      "71": { "start": { "line": 72, "column": 0 }, "end": { "line": 72, "column": 31 } },
      "72": { "start": { "line": 73, "column": 0 }, "end": { "line": 73, "column": 37 } },
      "73": { "start": { "line": 74, "column": 0 }, "end": { "line": 74, "column": 36 } },
      "74": { "start": { "line": 75, "column": 0 }, "end": { "line": 75, "column": 31 } },
      "75": { "start": { "line": 76, "column": 0 }, "end": { "line": 76, "column": 18 } },
      "78": { "start": { "line": 79, "column": 0 }, "end": { "line": 79, "column": 75 } },
      "79": { "start": { "line": 80, "column": 0 }, "end": { "line": 80, "column": 20 } },
      "80": { "start": { "line": 81, "column": 0 }, "end": { "line": 81, "column": 59 } },
      "81": { "start": { "line": 82, "column": 0 }, "end": { "line": 82, "column": 19 } },
      "83": { "start": { "line": 84, "column": 0 }, "end": { "line": 84, "column": 18 } },
      "84": { "start": { "line": 85, "column": 0 }, "end": { "line": 85, "column": 30 } },
      "85": { "start": { "line": 86, "column": 0 }, "end": { "line": 86, "column": 20 } },
      "87": { "start": { "line": 88, "column": 0 }, "end": { "line": 88, "column": 1 } },
      "89": { "start": { "line": 90, "column": 0 }, "end": { "line": 90, "column": 19 } }
    },
    "s": {
      "0": 0,
      "1": 0,
      "2": 0,
      "3": 0,
      "4": 0,
      "5": 0,
      "6": 0,
      "7": 0,
      "9": 0,
      "10": 0,
      "11": 0,
      "12": 0,
      "13": 0,
      "14": 0,
      "15": 0,
      "16": 0,
      "18": 0,
      "20": 0,
      "21": 0,
      "22": 0,
      "23": 0,
      "24": 0,
      "25": 0,
      "26": 0,
      "27": 0,
      "29": 0,
      "30": 0,
      "31": 0,
      "32": 0,
      "33": 0,
      "35": 0,
      "36": 0,
      "37": 0,
      "38": 0,
      "39": 0,
      "41": 0,
      "42": 0,
      "43": 0,
      "45": 0,
      "46": 0,
      "47": 0,
      "49": 0,
      "50": 0,
      "51": 0,
      "53": 0,
      "54": 0,
      "55": 0,
      "57": 0,
      "58": 0,
      "59": 0,
      "60": 0,
      "61": 0,
      "62": 0,
      "63": 0,
      "65": 0,
      "66": 0,
      "67": 0,
      "68": 0,
      "69": 0,
      "70": 0,
      "71": 0,
      "72": 0,
      "73": 0,
      "74": 0,
      "75": 0,
      "78": 0,
      "79": 0,
      "80": 0,
      "81": 0,
      "83": 0,
      "84": 0,
      "85": 0,
      "87": 0,
      "89": 0
    },
    "branchMap": {
      "0": {
        "type": "branch",
        "line": 1,
        "loc": { "start": { "line": 1, "column": 0 }, "end": { "line": 90, "column": -1398 } },
        "locations": [
          { "start": { "line": 1, "column": 0 }, "end": { "line": 90, "column": -1398 } }
        ]
      }
    },
    "b": { "0": [0] },
    "fnMap": {
      "0": {
        "name": "(empty-report)",
        "decl": { "start": { "line": 1, "column": 0 }, "end": { "line": 90, "column": -1398 } },
        "loc": { "start": { "line": 1, "column": 0 }, "end": { "line": 90, "column": -1398 } },
        "line": 1
      }
    },
    "f": { "0": 0 }
  },
  "/Users/raenlin/Desktop/React-RSSchool-2024/class-components/src/index.tsx": {
    "path": "/Users/raenlin/Desktop/React-RSSchool-2024/class-components/src/index.tsx",
    "all": true,
    "statementMap": {
      "0": { "start": { "line": 1, "column": 0 }, "end": { "line": 1, "column": 26 } },
      "1": { "start": { "line": 2, "column": 0 }, "end": { "line": 2, "column": 39 } },
      "2": { "start": { "line": 3, "column": 0 }, "end": { "line": 3, "column": 41 } },
      "3": { "start": { "line": 4, "column": 0 }, "end": { "line": 4, "column": 40 } },
      "4": { "start": { "line": 5, "column": 0 }, "end": { "line": 5, "column": 49 } },
      "5": { "start": { "line": 6, "column": 0 }, "end": { "line": 6, "column": 54 } },
      "6": { "start": { "line": 7, "column": 0 }, "end": { "line": 7, "column": 79 } },
      "7": { "start": { "line": 8, "column": 0 }, "end": { "line": 8, "column": 28 } },
      "8": { "start": { "line": 9, "column": 0 }, "end": { "line": 9, "column": 21 } },
      "10": { "start": { "line": 11, "column": 0 }, "end": { "line": 11, "column": 61 } },
      "11": { "start": { "line": 12, "column": 0 }, "end": { "line": 12, "column": 20 } },
      "12": { "start": { "line": 13, "column": 0 }, "end": { "line": 13, "column": 28 } },
      "13": { "start": { "line": 14, "column": 0 }, "end": { "line": 14, "column": 21 } },
      "14": { "start": { "line": 15, "column": 0 }, "end": { "line": 15, "column": 58 } },
      "15": { "start": { "line": 16, "column": 0 }, "end": { "line": 16, "column": 17 } },
      "16": { "start": { "line": 17, "column": 0 }, "end": { "line": 17, "column": 29 } },
      "17": { "start": { "line": 18, "column": 0 }, "end": { "line": 18, "column": 22 } },
      "18": { "start": { "line": 19, "column": 0 }, "end": { "line": 19, "column": 15 } },
      "19": { "start": { "line": 20, "column": 0 }, "end": { "line": 20, "column": 21 } },
      "20": { "start": { "line": 21, "column": 0 }, "end": { "line": 21, "column": 2 } }
    },
    "s": {
      "0": 0,
      "1": 0,
      "2": 0,
      "3": 0,
      "4": 0,
      "5": 0,
      "6": 0,
      "7": 0,
      "8": 0,
      "10": 0,
      "11": 0,
      "12": 0,
      "13": 0,
      "14": 0,
      "15": 0,
      "16": 0,
      "17": 0,
      "18": 0,
      "19": 0,
      "20": 0
    },
    "branchMap": {
      "0": {
        "type": "branch",
        "line": 1,
        "loc": { "start": { "line": 1, "column": 691 }, "end": { "line": 21, "column": 2 } },
        "locations": [{ "start": { "line": 1, "column": 691 }, "end": { "line": 21, "column": 2 } }]
      }
    },
    "b": { "0": [0] },
    "fnMap": {
      "0": {
        "name": "(empty-report)",
        "decl": { "start": { "line": 1, "column": 691 }, "end": { "line": 21, "column": 2 } },
        "loc": { "start": { "line": 1, "column": 691 }, "end": { "line": 21, "column": 2 } },
        "line": 1
      }
    },
    "f": { "0": 0 }
  },
  "/Users/raenlin/Desktop/React-RSSchool-2024/class-components/src/components/Errorboundary.tsx": {
    "path": "/Users/raenlin/Desktop/React-RSSchool-2024/class-components/src/components/Errorboundary.tsx",
    "all": true,
    "statementMap": {
      "0": { "start": { "line": 1, "column": 0 }, "end": { "line": 1, "column": 56 } },
      "11": { "start": { "line": 12, "column": 0 }, "end": { "line": 12, "column": 53 } },
      "12": { "start": { "line": 13, "column": 0 }, "end": { "line": 13, "column": 29 } },
      "13": { "start": { "line": 14, "column": 0 }, "end": { "line": 14, "column": 17 } },
      "14": { "start": { "line": 15, "column": 0 }, "end": { "line": 15, "column": 50 } },
      "15": { "start": { "line": 16, "column": 0 }, "end": { "line": 16, "column": 3 } },
      "17": { "start": { "line": 18, "column": 0 }, "end": { "line": 18, "column": 57 } },
      "18": { "start": { "line": 19, "column": 0 }, "end": { "line": 19, "column": 19 } },
      "19": { "start": { "line": 20, "column": 0 }, "end": { "line": 20, "column": 19 } },
      "20": { "start": { "line": 21, "column": 0 }, "end": { "line": 21, "column": 27 } },
      "21": { "start": { "line": 22, "column": 0 }, "end": { "line": 22, "column": 7 } },
      "22": { "start": { "line": 23, "column": 0 }, "end": { "line": 23, "column": 3 } },
      "24": { "start": { "line": 25, "column": 0 }, "end": { "line": 25, "column": 12 } },
      "25": { "start": { "line": 26, "column": 0 }, "end": { "line": 26, "column": 31 } },
      "26": { "start": { "line": 27, "column": 0 }, "end": { "line": 27, "column": 14 } },
      "27": { "start": { "line": 28, "column": 0 }, "end": { "line": 28, "column": 40 } },
      "28": { "start": { "line": 29, "column": 0 }, "end": { "line": 29, "column": 42 } },
      "29": { "start": { "line": 30, "column": 0 }, "end": { "line": 30, "column": 14 } },
      "31": { "start": { "line": 32, "column": 0 }, "end": { "line": 32, "column": 5 } },
      "32": { "start": { "line": 33, "column": 0 }, "end": { "line": 33, "column": 31 } },
      "33": { "start": { "line": 34, "column": 0 }, "end": { "line": 34, "column": 3 } },
      "34": { "start": { "line": 35, "column": 0 }, "end": { "line": 35, "column": 1 } },
      "36": { "start": { "line": 37, "column": 0 }, "end": { "line": 37, "column": 29 } }
    },
    "s": {
      "0": 0,
      "11": 0,
      "12": 0,
      "13": 0,
      "14": 0,
      "15": 0,
      "17": 0,
      "18": 0,
      "19": 0,
      "20": 0,
      "21": 0,
      "22": 0,
      "24": 0,
      "25": 0,
      "26": 0,
      "27": 0,
      "28": 0,
      "29": 0,
      "31": 0,
      "32": 0,
      "33": 0,
      "34": 0,
      "36": 0
    },
    "branchMap": {
      "0": {
        "type": "branch",
        "line": 1,
        "loc": { "start": { "line": 1, "column": 0 }, "end": { "line": 37, "column": -75 } },
        "locations": [{ "start": { "line": 1, "column": 0 }, "end": { "line": 37, "column": -75 } }]
      }
    },
    "b": { "0": [0] },
    "fnMap": {
      "0": {
        "name": "(empty-report)",
        "decl": { "start": { "line": 1, "column": 0 }, "end": { "line": 37, "column": -75 } },
        "loc": { "start": { "line": 1, "column": 0 }, "end": { "line": 37, "column": -75 } },
        "line": 1
      }
    },
    "f": { "0": 0 }
  },
  "/Users/raenlin/Desktop/React-RSSchool-2024/class-components/src/components/Button/Button.tsx": {
    "path": "/Users/raenlin/Desktop/React-RSSchool-2024/class-components/src/components/Button/Button.tsx",
    "all": false,
    "statementMap": {
      "0": { "start": { "line": 1, "column": 0 }, "end": { "line": 1, "column": 43 } },
      "2": { "start": { "line": 3, "column": 0 }, "end": { "line": 3, "column": 59 } },
      "3": { "start": { "line": 4, "column": 0 }, "end": { "line": 4, "column": 10 } },
      "4": { "start": { "line": 5, "column": 0 }, "end": { "line": 5, "column": 52 } },
      "5": { "start": { "line": 6, "column": 0 }, "end": { "line": 6, "column": 12 } },
      "6": { "start": { "line": 7, "column": 0 }, "end": { "line": 7, "column": 13 } },
      "8": { "start": { "line": 9, "column": 0 }, "end": { "line": 9, "column": 1 } },
      "10": { "start": { "line": 11, "column": 0 }, "end": { "line": 11, "column": 22 } }
    },
    "s": { "0": 1, "2": 7, "3": 7, "4": 7, "5": 7, "6": 7, "8": 7, "10": 1 },
    "branchMap": {
      "0": {
        "type": "branch",
        "line": 3,
        "loc": { "start": { "line": 3, "column": 0 }, "end": { "line": 9, "column": 1 } },
        "locations": [{ "start": { "line": 3, "column": 0 }, "end": { "line": 9, "column": 1 } }]
      }
    },
    "b": { "0": [7] },
    "fnMap": {
      "0": {
        "name": "Button",
        "decl": { "start": { "line": 3, "column": 0 }, "end": { "line": 9, "column": 1 } },
        "loc": { "start": { "line": 3, "column": 0 }, "end": { "line": 9, "column": 1 } },
        "line": 3
      }
    },
    "f": { "0": 7 }
  },
  "/Users/raenlin/Desktop/React-RSSchool-2024/class-components/src/components/Card/Card.tsx": {
    "path": "/Users/raenlin/Desktop/React-RSSchool-2024/class-components/src/components/Card/Card.tsx",
    "all": false,
    "statementMap": {
      "0": { "start": { "line": 1, "column": 0 }, "end": { "line": 1, "column": 55 } },
      "2": { "start": { "line": 3, "column": 0 }, "end": { "line": 3, "column": 53 } },
      "3": { "start": { "line": 4, "column": 0 }, "end": { "line": 4, "column": 66 } },
      "7": { "start": { "line": 8, "column": 0 }, "end": { "line": 8, "column": 62 } },
      "8": { "start": { "line": 9, "column": 0 }, "end": { "line": 9, "column": 46 } },
      "9": { "start": { "line": 10, "column": 0 }, "end": { "line": 10, "column": 85 } },
      "10": { "start": { "line": 11, "column": 0 }, "end": { "line": 11, "column": 24 } },
      "11": { "start": { "line": 12, "column": 0 }, "end": { "line": 12, "column": 33 } },
      "12": { "start": { "line": 13, "column": 0 }, "end": { "line": 13, "column": 91 } },
      "14": { "start": { "line": 15, "column": 0 }, "end": { "line": 15, "column": 50 } },
      "15": { "start": { "line": 16, "column": 0 }, "end": { "line": 16, "column": 21 } },
      "16": { "start": { "line": 17, "column": 0 }, "end": { "line": 17, "column": 35 } },
      "17": { "start": { "line": 18, "column": 0 }, "end": { "line": 18, "column": 12 } },
      "18": { "start": { "line": 19, "column": 0 }, "end": { "line": 19, "column": 33 } },
      "19": { "start": { "line": 20, "column": 0 }, "end": { "line": 20, "column": 5 } },
      "20": { "start": { "line": 21, "column": 0 }, "end": { "line": 21, "column": 4 } },
      "22": { "start": { "line": 23, "column": 0 }, "end": { "line": 23, "column": 10 } },
      "23": { "start": { "line": 24, "column": 0 }, "end": { "line": 24, "column": 42 } },
      "24": { "start": { "line": 25, "column": 0 }, "end": { "line": 25, "column": 12 } },
      "25": { "start": { "line": 26, "column": 0 }, "end": { "line": 26, "column": 33 } },
      "26": { "start": { "line": 27, "column": 0 }, "end": { "line": 27, "column": 23 } },
      "27": { "start": { "line": 28, "column": 0 }, "end": { "line": 28, "column": 28 } },
      "28": { "start": { "line": 29, "column": 0 }, "end": { "line": 29, "column": 51 } },
      "29": { "start": { "line": 30, "column": 0 }, "end": { "line": 30, "column": 8 } },
      "30": { "start": { "line": 31, "column": 0 }, "end": { "line": 31, "column": 32 } },
      "31": { "start": { "line": 32, "column": 0 }, "end": { "line": 32, "column": 78 } },
      "32": { "start": { "line": 33, "column": 0 }, "end": { "line": 33, "column": 42 } },
      "33": { "start": { "line": 34, "column": 0 }, "end": { "line": 34, "column": 27 } },
      "34": { "start": { "line": 35, "column": 0 }, "end": { "line": 35, "column": 16 } },
      "35": { "start": { "line": 36, "column": 0 }, "end": { "line": 36, "column": 15 } },
      "36": { "start": { "line": 37, "column": 0 }, "end": { "line": 37, "column": 11 } },
      "37": { "start": { "line": 38, "column": 0 }, "end": { "line": 38, "column": 10 } },
      "39": { "start": { "line": 40, "column": 0 }, "end": { "line": 40, "column": 1 } },
      "41": { "start": { "line": 42, "column": 0 }, "end": { "line": 42, "column": 20 } }
    },
    "s": {
      "0": 1,
      "2": 1,
      "3": 1,
      "7": 5,
      "8": 5,
      "9": 5,
      "10": 5,
      "11": 5,
      "12": 5,
      "14": 5,
      "15": 2,
      "16": 1,
      "17": 1,
      "18": 1,
      "19": 1,
      "20": 2,
      "22": 5,
      "23": 5,
      "24": 5,
      "25": 5,
      "26": 5,
      "27": 5,
      "28": 5,
      "29": 5,
      "30": 5,
      "31": 5,
      "32": 5,
      "33": 5,
      "34": 5,
      "35": 5,
      "36": 5,
      "37": 5,
      "39": 5,
      "41": 1
    },
    "branchMap": {
      "0": {
        "type": "branch",
        "line": 8,
        "loc": { "start": { "line": 8, "column": 0 }, "end": { "line": 40, "column": 1 } },
        "locations": [{ "start": { "line": 8, "column": 0 }, "end": { "line": 40, "column": 1 } }]
      },
      "1": {
        "type": "branch",
        "line": 10,
        "loc": { "start": { "line": 10, "column": 36 }, "end": { "line": 10, "column": 83 } },
        "locations": [
          { "start": { "line": 10, "column": 36 }, "end": { "line": 10, "column": 83 } }
        ]
      },
      "2": {
        "type": "branch",
        "line": 13,
        "loc": { "start": { "line": 13, "column": 40 }, "end": { "line": 13, "column": 89 } },
        "locations": [
          { "start": { "line": 13, "column": 40 }, "end": { "line": 13, "column": 89 } }
        ]
      },
      "3": {
        "type": "branch",
        "line": 15,
        "loc": { "start": { "line": 15, "column": 31 }, "end": { "line": 21, "column": 4 } },
        "locations": [{ "start": { "line": 15, "column": 31 }, "end": { "line": 21, "column": 4 } }]
      },
      "4": {
        "type": "branch",
        "line": 16,
        "loc": { "start": { "line": 16, "column": 20 }, "end": { "line": 20, "column": 5 } },
        "locations": [{ "start": { "line": 16, "column": 20 }, "end": { "line": 20, "column": 5 } }]
      },
      "5": {
        "type": "branch",
        "line": 29,
        "loc": { "start": { "line": 29, "column": 18 }, "end": { "line": 29, "column": 51 } },
        "locations": [
          { "start": { "line": 29, "column": 18 }, "end": { "line": 29, "column": 51 } }
        ]
      }
    },
    "b": { "0": [5], "1": [10], "2": [2], "3": [2], "4": [1], "5": [2] },
    "fnMap": {
      "0": {
        "name": "Card",
        "decl": { "start": { "line": 8, "column": 0 }, "end": { "line": 40, "column": 1 } },
        "loc": { "start": { "line": 8, "column": 0 }, "end": { "line": 40, "column": 1 } },
        "line": 8
      },
      "1": {
        "name": "handleCheckboxChange",
        "decl": { "start": { "line": 15, "column": 31 }, "end": { "line": 21, "column": 4 } },
        "loc": { "start": { "line": 15, "column": 31 }, "end": { "line": 21, "column": 4 } },
        "line": 15
      },
      "2": {
        "name": "onChange",
        "decl": { "start": { "line": 29, "column": 18 }, "end": { "line": 29, "column": 51 } },
        "loc": { "start": { "line": 29, "column": 18 }, "end": { "line": 29, "column": 51 } },
        "line": 29
      }
    },
    "f": { "0": 5, "1": 2, "2": 2 }
  },
  "/Users/raenlin/Desktop/React-RSSchool-2024/class-components/src/components/Card/CardDetail.tsx": {
    "path": "/Users/raenlin/Desktop/React-RSSchool-2024/class-components/src/components/Card/CardDetail.tsx",
    "all": true,
    "statementMap": {
      "0": { "start": { "line": 1, "column": 0 }, "end": { "line": 1, "column": 26 } },
      "1": { "start": { "line": 2, "column": 0 }, "end": { "line": 2, "column": 58 } },
      "3": { "start": { "line": 4, "column": 0 }, "end": { "line": 4, "column": 52 } },
      "5": { "start": { "line": 6, "column": 0 }, "end": { "line": 6, "column": 24 } },
      "6": { "start": { "line": 7, "column": 0 }, "end": { "line": 7, "column": 45 } },
      "8": { "start": { "line": 9, "column": 0 }, "end": { "line": 9, "column": 68 } },
      "9": { "start": { "line": 10, "column": 0 }, "end": { "line": 10, "column": 25 } },
      "10": { "start": { "line": 11, "column": 0 }, "end": { "line": 11, "column": 5 } },
      "11": { "start": { "line": 12, "column": 0 }, "end": { "line": 12, "column": 51 } },
      "12": { "start": { "line": 13, "column": 0 }, "end": { "line": 13, "column": 33 } },
      "14": { "start": { "line": 15, "column": 0 }, "end": { "line": 15, "column": 29 } },
      "15": { "start": { "line": 16, "column": 0 }, "end": { "line": 16, "column": 33 } },
      "16": { "start": { "line": 17, "column": 0 }, "end": { "line": 17, "column": 4 } },
      "18": { "start": { "line": 19, "column": 0 }, "end": { "line": 19, "column": 15 } },
      "19": { "start": { "line": 20, "column": 0 }, "end": { "line": 20, "column": 11 } },
      "20": { "start": { "line": 21, "column": 0 }, "end": { "line": 21, "column": 3 } },
      "22": { "start": { "line": 23, "column": 0 }, "end": { "line": 23, "column": 14 } },
      "23": { "start": { "line": 24, "column": 0 }, "end": { "line": 24, "column": 24 } },
      "24": { "start": { "line": 25, "column": 0 }, "end": { "line": 25, "column": 3 } },
      "26": { "start": { "line": 27, "column": 0 }, "end": { "line": 27, "column": 10 } },
      "27": { "start": { "line": 28, "column": 0 }, "end": { "line": 28, "column": 6 } },
      "28": { "start": { "line": 29, "column": 0 }, "end": { "line": 29, "column": 20 } },
      "29": { "start": { "line": 30, "column": 0 }, "end": { "line": 30, "column": 38 } },
      "31": { "start": { "line": 32, "column": 0 }, "end": { "line": 32, "column": 38 } },
      "32": { "start": { "line": 33, "column": 0 }, "end": { "line": 33, "column": 32 } },
      "33": { "start": { "line": 34, "column": 0 }, "end": { "line": 34, "column": 33 } },
      "34": { "start": { "line": 35, "column": 0 }, "end": { "line": 35, "column": 34 } },
      "35": { "start": { "line": 36, "column": 0 }, "end": { "line": 36, "column": 19 } },
      "36": { "start": { "line": 37, "column": 0 }, "end": { "line": 37, "column": 48 } },
      "37": { "start": { "line": 38, "column": 0 }, "end": { "line": 38, "column": 62 } },
      "38": { "start": { "line": 39, "column": 0 }, "end": { "line": 39, "column": 60 } },
      "39": { "start": { "line": 40, "column": 0 }, "end": { "line": 40, "column": 46 } },
      "40": { "start": { "line": 41, "column": 0 }, "end": { "line": 41, "column": 46 } },
      "41": { "start": { "line": 42, "column": 0 }, "end": { "line": 42, "column": 46 } },
      "42": { "start": { "line": 43, "column": 0 }, "end": { "line": 43, "column": 52 } },
      "43": { "start": { "line": 44, "column": 0 }, "end": { "line": 44, "column": 58 } },
      "44": { "start": { "line": 45, "column": 0 }, "end": { "line": 45, "column": 46 } },
      "45": { "start": { "line": 46, "column": 0 }, "end": { "line": 46, "column": 20 } },
      "46": { "start": { "line": 47, "column": 0 }, "end": { "line": 47, "column": 18 } },
      "47": { "start": { "line": 48, "column": 0 }, "end": { "line": 48, "column": 13 } },
      "48": { "start": { "line": 49, "column": 0 }, "end": { "line": 49, "column": 71 } },
      "50": { "start": { "line": 51, "column": 0 }, "end": { "line": 51, "column": 19 } },
      "51": { "start": { "line": 52, "column": 0 }, "end": { "line": 52, "column": 14 } },
      "53": { "start": { "line": 54, "column": 0 }, "end": { "line": 54, "column": 7 } },
      "55": { "start": { "line": 56, "column": 0 }, "end": { "line": 56, "column": 1 } },
      "57": { "start": { "line": 58, "column": 0 }, "end": { "line": 58, "column": 27 } }
    },
    "s": {
      "0": 0,
      "1": 0,
      "3": 0,
      "5": 0,
      "6": 0,
      "8": 0,
      "9": 0,
      "10": 0,
      "11": 0,
      "12": 0,
      "14": 0,
      "15": 0,
      "16": 0,
      "18": 0,
      "19": 0,
      "20": 0,
      "22": 0,
      "23": 0,
      "24": 0,
      "26": 0,
      "27": 0,
      "28": 0,
      "29": 0,
      "31": 0,
      "32": 0,
      "33": 0,
      "34": 0,
      "35": 0,
      "36": 0,
      "37": 0,
      "38": 0,
      "39": 0,
      "40": 0,
      "41": 0,
      "42": 0,
      "43": 0,
      "44": 0,
      "45": 0,
      "46": 0,
      "47": 0,
      "48": 0,
      "50": 0,
      "51": 0,
      "53": 0,
      "55": 0,
      "57": 0
    },
    "branchMap": {
      "0": {
        "type": "branch",
        "line": 1,
        "loc": { "start": { "line": 1, "column": 0 }, "end": { "line": 58, "column": -829 } },
        "locations": [
          { "start": { "line": 1, "column": 0 }, "end": { "line": 58, "column": -829 } }
        ]
      }
    },
    "b": { "0": [0] },
    "fnMap": {
      "0": {
        "name": "(empty-report)",
        "decl": { "start": { "line": 1, "column": 0 }, "end": { "line": 58, "column": -829 } },
        "loc": { "start": { "line": 1, "column": 0 }, "end": { "line": 58, "column": -829 } },
        "line": 1
      }
    },
    "f": { "0": 0 }
  },
  "/Users/raenlin/Desktop/React-RSSchool-2024/class-components/src/components/Input/Input.tsx": {
    "path": "/Users/raenlin/Desktop/React-RSSchool-2024/class-components/src/components/Input/Input.tsx",
    "all": false,
    "statementMap": {
      "0": { "start": { "line": 1, "column": 0 }, "end": { "line": 1, "column": 42 } },
      "2": { "start": { "line": 3, "column": 0 }, "end": { "line": 3, "column": 79 } },
      "3": { "start": { "line": 4, "column": 0 }, "end": { "line": 4, "column": 10 } },
      "4": { "start": { "line": 5, "column": 0 }, "end": { "line": 5, "column": 10 } },
      "5": { "start": { "line": 6, "column": 0 }, "end": { "line": 6, "column": 19 } },
      "6": { "start": { "line": 7, "column": 0 }, "end": { "line": 7, "column": 17 } },
      "7": { "start": { "line": 8, "column": 0 }, "end": { "line": 8, "column": 27 } },
      "8": { "start": { "line": 9, "column": 0 }, "end": { "line": 9, "column": 31 } },
      "9": { "start": { "line": 10, "column": 0 }, "end": { "line": 10, "column": 25 } },
      "10": { "start": { "line": 11, "column": 0 }, "end": { "line": 11, "column": 6 } },
      "12": { "start": { "line": 13, "column": 0 }, "end": { "line": 13, "column": 1 } },
      "14": { "start": { "line": 15, "column": 0 }, "end": { "line": 15, "column": 21 } }
    },
    "s": {
      "0": 1,
      "2": 7,
      "3": 7,
      "4": 7,
      "5": 7,
      "6": 7,
      "7": 7,
      "8": 7,
      "9": 7,
      "10": 7,
      "12": 7,
      "14": 1
    },
    "branchMap": {
      "0": {
        "type": "branch",
        "line": 3,
        "loc": { "start": { "line": 3, "column": 0 }, "end": { "line": 13, "column": 1 } },
        "locations": [{ "start": { "line": 3, "column": 0 }, "end": { "line": 13, "column": 1 } }]
      }
    },
    "b": { "0": [7] },
    "fnMap": {
      "0": {
        "name": "Input",
        "decl": { "start": { "line": 3, "column": 0 }, "end": { "line": 13, "column": 1 } },
        "loc": { "start": { "line": 3, "column": 0 }, "end": { "line": 13, "column": 1 } },
        "line": 3
      }
    },
    "f": { "0": 7 }
  },
  "/Users/raenlin/Desktop/React-RSSchool-2024/class-components/src/components/Pagination/pagination.tsx": {
    "path": "/Users/raenlin/Desktop/React-RSSchool-2024/class-components/src/components/Pagination/pagination.tsx",
    "all": false,
    "statementMap": {
      "0": { "start": { "line": 1, "column": 0 }, "end": { "line": 1, "column": 40 } },
      "3": { "start": { "line": 4, "column": 0 }, "end": { "line": 4, "column": 73 } },
      "4": { "start": { "line": 5, "column": 0 }, "end": { "line": 5, "column": 10 } },
      "5": { "start": { "line": 6, "column": 0 }, "end": { "line": 6, "column": 32 } },
      "6": { "start": { "line": 7, "column": 0 }, "end": { "line": 7, "column": 38 } },
      "7": { "start": { "line": 8, "column": 0 }, "end": { "line": 8, "column": 30 } },
      "8": { "start": { "line": 9, "column": 0 }, "end": { "line": 9, "column": 13 } },
      "9": { "start": { "line": 10, "column": 0 }, "end": { "line": 10, "column": 22 } },
      "10": { "start": { "line": 11, "column": 0 }, "end": { "line": 11, "column": 97 } },
      "11": { "start": { "line": 12, "column": 0 }, "end": { "line": 12, "column": 28 } },
      "12": { "start": { "line": 13, "column": 0 }, "end": { "line": 13, "column": 24 } },
      "13": { "start": { "line": 14, "column": 0 }, "end": { "line": 14, "column": 27 } },
      "14": { "start": { "line": 15, "column": 0 }, "end": { "line": 15, "column": 17 } },
      "15": { "start": { "line": 16, "column": 0 }, "end": { "line": 16, "column": 14 } },
      "17": { "start": { "line": 18, "column": 0 }, "end": { "line": 18, "column": 59 } },
      "18": { "start": { "line": 19, "column": 0 }, "end": { "line": 19, "column": 20 } },
      "19": { "start": { "line": 20, "column": 0 }, "end": { "line": 20, "column": 19 } },
      "20": { "start": { "line": 21, "column": 0 }, "end": { "line": 21, "column": 15 } },
      "21": { "start": { "line": 22, "column": 0 }, "end": { "line": 22, "column": 11 } },
      "22": { "start": { "line": 23, "column": 0 }, "end": { "line": 23, "column": 11 } },
      "23": { "start": { "line": 24, "column": 0 }, "end": { "line": 24, "column": 10 } },
      "25": { "start": { "line": 26, "column": 0 }, "end": { "line": 26, "column": 1 } }
    },
    "s": {
      "0": 1,
      "3": 1,
      "4": 2,
      "5": 2,
      "6": 2,
      "7": 2,
      "8": 10,
      "9": 10,
      "10": 10,
      "11": 10,
      "12": 1,
      "13": 1,
      "14": 1,
      "15": 1,
      "17": 10,
      "18": 10,
      "19": 10,
      "20": 10,
      "21": 2,
      "22": 2,
      "23": 2,
      "25": 2
    },
    "branchMap": {
      "0": {
        "type": "branch",
        "line": 4,
        "loc": { "start": { "line": 4, "column": 7 }, "end": { "line": 26, "column": 1 } },
        "locations": [{ "start": { "line": 4, "column": 7 }, "end": { "line": 26, "column": 1 } }]
      },
      "1": {
        "type": "branch",
        "line": 8,
        "loc": { "start": { "line": 8, "column": 19 }, "end": { "line": 21, "column": 15 } },
        "locations": [{ "start": { "line": 8, "column": 19 }, "end": { "line": 21, "column": 15 } }]
      },
      "2": {
        "type": "branch",
        "line": 11,
        "loc": { "start": { "line": 11, "column": 33 }, "end": { "line": 11, "column": 73 } },
        "locations": [
          { "start": { "line": 11, "column": 33 }, "end": { "line": 11, "column": 73 } }
        ]
      },
      "3": {
        "type": "branch",
        "line": 11,
        "loc": { "start": { "line": 11, "column": 40 }, "end": { "line": 11, "column": 97 } },
        "locations": [
          { "start": { "line": 11, "column": 40 }, "end": { "line": 11, "column": 97 } }
        ]
      },
      "4": {
        "type": "branch",
        "line": 12,
        "loc": { "start": { "line": 12, "column": 21 }, "end": { "line": 16, "column": 14 } },
        "locations": [
          { "start": { "line": 12, "column": 21 }, "end": { "line": 16, "column": 14 } }
        ]
      }
    },
    "b": { "0": [2], "1": [10], "2": [2], "3": [8], "4": [1] },
    "fnMap": {
      "0": {
        "name": "Pagination",
        "decl": { "start": { "line": 4, "column": 7 }, "end": { "line": 26, "column": 1 } },
        "loc": { "start": { "line": 4, "column": 7 }, "end": { "line": 26, "column": 1 } },
        "line": 4
      },
      "1": {
        "name": "onClick",
        "decl": { "start": { "line": 12, "column": 21 }, "end": { "line": 16, "column": 14 } },
        "loc": { "start": { "line": 12, "column": 21 }, "end": { "line": 16, "column": 14 } },
        "line": 12
      }
    },
    "f": { "0": 2, "1": 1 }
  },
  "/Users/raenlin/Desktop/React-RSSchool-2024/class-components/src/contexts/theme.ts": {
    "path": "/Users/raenlin/Desktop/React-RSSchool-2024/class-components/src/contexts/theme.ts",
    "all": true,
    "statementMap": {
      "0": { "start": { "line": 1, "column": 0 }, "end": { "line": 1, "column": 38 } },
      "2": { "start": { "line": 3, "column": 0 }, "end": { "line": 3, "column": 23 } },
      "3": { "start": { "line": 4, "column": 0 }, "end": { "line": 4, "column": 15 } },
      "4": { "start": { "line": 5, "column": 0 }, "end": { "line": 5, "column": 17 } },
      "5": { "start": { "line": 6, "column": 0 }, "end": { "line": 6, "column": 2 } },
      "7": { "start": { "line": 8, "column": 0 }, "end": { "line": 8, "column": 43 } },
      "8": { "start": { "line": 9, "column": 0 }, "end": { "line": 9, "column": 17 } },
      "9": { "start": { "line": 10, "column": 0 }, "end": { "line": 10, "column": 30 } },
      "10": { "start": { "line": 11, "column": 0 }, "end": { "line": 11, "column": 3 } }
    },
    "s": { "0": 0, "2": 0, "3": 0, "4": 0, "5": 0, "7": 0, "8": 0, "9": 0, "10": 0 },
    "branchMap": {
      "0": {
        "type": "branch",
        "line": 1,
        "loc": { "start": { "line": 1, "column": 198 }, "end": { "line": 11, "column": 3 } },
        "locations": [{ "start": { "line": 1, "column": 198 }, "end": { "line": 11, "column": 3 } }]
      }
    },
    "b": { "0": [0] },
    "fnMap": {
      "0": {
        "name": "(empty-report)",
        "decl": { "start": { "line": 1, "column": 198 }, "end": { "line": 11, "column": 3 } },
        "loc": { "start": { "line": 1, "column": 198 }, "end": { "line": 11, "column": 3 } },
        "line": 1
      }
    },
    "f": { "0": 0 }
  },
  "/Users/raenlin/Desktop/React-RSSchool-2024/class-components/src/store/cardsSlice.ts": {
    "path": "/Users/raenlin/Desktop/React-RSSchool-2024/class-components/src/store/cardsSlice.ts",
    "all": false,
    "statementMap": {
      "0": { "start": { "line": 1, "column": 0 }, "end": { "line": 1, "column": 62 } },
      "8": { "start": { "line": 9, "column": 0 }, "end": { "line": 9, "column": 34 } },
      "9": { "start": { "line": 10, "column": 0 }, "end": { "line": 10, "column": 11 } },
      "10": { "start": { "line": 11, "column": 0 }, "end": { "line": 11, "column": 20 } },
      "11": { "start": { "line": 12, "column": 0 }, "end": { "line": 12, "column": 2 } },
      "13": { "start": { "line": 14, "column": 0 }, "end": { "line": 14, "column": 32 } },
      "14": { "start": { "line": 15, "column": 0 }, "end": { "line": 15, "column": 16 } },
      "15": { "start": { "line": 16, "column": 0 }, "end": { "line": 16, "column": 15 } },
      "16": { "start": { "line": 17, "column": 0 }, "end": { "line": 17, "column": 13 } },
      "17": { "start": { "line": 18, "column": 0 }, "end": { "line": 18, "column": 54 } },
      "18": { "start": { "line": 19, "column": 0 }, "end": { "line": 19, "column": 47 } },
      "19": { "start": { "line": 20, "column": 0 }, "end": { "line": 20, "column": 6 } },
      "20": { "start": { "line": 21, "column": 0 }, "end": { "line": 21, "column": 56 } },
      "21": { "start": { "line": 22, "column": 0 }, "end": { "line": 22, "column": 100 } },
      "22": { "start": { "line": 23, "column": 0 }, "end": { "line": 23, "column": 6 } },
      "23": { "start": { "line": 24, "column": 0 }, "end": { "line": 24, "column": 54 } },
      "24": { "start": { "line": 25, "column": 0 }, "end": { "line": 25, "column": 34 } },
      "25": { "start": { "line": 26, "column": 0 }, "end": { "line": 26, "column": 6 } },
      "26": { "start": { "line": 27, "column": 0 }, "end": { "line": 27, "column": 4 } },
      "27": { "start": { "line": 28, "column": 0 }, "end": { "line": 28, "column": 3 } },
      "29": { "start": { "line": 30, "column": 0 }, "end": { "line": 30, "column": 73 } },
      "30": { "start": { "line": 31, "column": 0 }, "end": { "line": 31, "column": 34 } }
    },
    "s": {
      "0": 1,
      "8": 1,
      "9": 1,
      "10": 1,
      "11": 1,
      "13": 1,
      "14": 1,
      "15": 1,
      "16": 1,
      "17": 1,
      "18": 1,
      "19": 1,
      "20": 1,
      "21": 1,
      "22": 1,
      "23": 1,
      "24": 0,
      "25": 0,
      "26": 1,
      "27": 1,
      "29": 1,
      "30": 1
    },
    "branchMap": {
      "0": {
        "type": "branch",
        "line": 18,
        "loc": { "start": { "line": 18, "column": 4 }, "end": { "line": 20, "column": 6 } },
        "locations": [{ "start": { "line": 18, "column": 4 }, "end": { "line": 20, "column": 6 } }]
      },
      "1": {
        "type": "branch",
        "line": 21,
        "loc": { "start": { "line": 21, "column": 4 }, "end": { "line": 23, "column": 6 } },
        "locations": [{ "start": { "line": 21, "column": 4 }, "end": { "line": 23, "column": 6 } }]
      },
      "2": {
        "type": "branch",
        "line": 22,
        "loc": { "start": { "line": 22, "column": 55 }, "end": { "line": 22, "column": 98 } },
        "locations": [
          { "start": { "line": 22, "column": 55 }, "end": { "line": 22, "column": 98 } }
        ]
      }
    },
    "b": { "0": [1], "1": [1], "2": [1] },
    "fnMap": {
      "0": {
        "name": "selectItem",
        "decl": { "start": { "line": 18, "column": 4 }, "end": { "line": 20, "column": 6 } },
        "loc": { "start": { "line": 18, "column": 4 }, "end": { "line": 20, "column": 6 } },
        "line": 18
      },
      "1": {
        "name": "unselectItem",
        "decl": { "start": { "line": 21, "column": 4 }, "end": { "line": 23, "column": 6 } },
        "loc": { "start": { "line": 21, "column": 4 }, "end": { "line": 23, "column": 6 } },
        "line": 21
      },
      "2": {
        "name": "addItems",
        "decl": { "start": { "line": 24, "column": 4 }, "end": { "line": 26, "column": 6 } },
        "loc": { "start": { "line": 24, "column": 4 }, "end": { "line": 26, "column": 6 } },
        "line": 24
      }
    },
    "f": { "0": 1, "1": 1, "2": 0 }
  },
  "/Users/raenlin/Desktop/React-RSSchool-2024/class-components/src/store/planetsApi.ts": {
    "path": "/Users/raenlin/Desktop/React-RSSchool-2024/class-components/src/store/planetsApi.ts",
    "all": false,
    "statementMap": {
      "0": { "start": { "line": 1, "column": 0 }, "end": { "line": 1, "column": 73 } },
      "10": { "start": { "line": 11, "column": 0 }, "end": { "line": 11, "column": 37 } },
      "11": { "start": { "line": 12, "column": 0 }, "end": { "line": 12, "column": 29 } },
      "12": { "start": { "line": 13, "column": 0 }, "end": { "line": 13, "column": 75 } },
      "13": { "start": { "line": 14, "column": 0 }, "end": { "line": 14, "column": 26 } },
      "14": { "start": { "line": 15, "column": 0 }, "end": { "line": 15, "column": 81 } },
      "15": { "start": { "line": 16, "column": 0 }, "end": { "line": 16, "column": 36 } },
      "16": { "start": { "line": 17, "column": 0 }, "end": { "line": 17, "column": 19 } },
      "17": { "start": { "line": 18, "column": 0 }, "end": { "line": 18, "column": 50 } },
      "18": { "start": { "line": 19, "column": 0 }, "end": { "line": 19, "column": 16 } },
      "19": { "start": { "line": 20, "column": 0 }, "end": { "line": 20, "column": 37 } },
      "20": { "start": { "line": 21, "column": 0 }, "end": { "line": 21, "column": 9 } },
      "21": { "start": { "line": 22, "column": 0 }, "end": { "line": 22, "column": 8 } },
      "22": { "start": { "line": 23, "column": 0 }, "end": { "line": 23, "column": 7 } },
      "23": { "start": { "line": 24, "column": 0 }, "end": { "line": 24, "column": 5 } },
      "24": { "start": { "line": 25, "column": 0 }, "end": { "line": 25, "column": 3 } }
    },
    "s": {
      "0": 1,
      "10": 1,
      "11": 1,
      "12": 1,
      "13": 1,
      "14": 1,
      "15": 1,
      "16": 0,
      "17": 0,
      "18": 0,
      "19": 0,
      "20": 0,
      "21": 0,
      "22": 1,
      "23": 1,
      "24": 1
    },
    "branchMap": {
      "0": {
        "type": "branch",
        "line": 14,
        "loc": { "start": { "line": 14, "column": 13 }, "end": { "line": 24, "column": 5 } },
        "locations": [{ "start": { "line": 14, "column": 13 }, "end": { "line": 24, "column": 5 } }]
      }
    },
    "b": { "0": [1] },
    "fnMap": {
      "0": {
        "name": "endpoints",
        "decl": { "start": { "line": 14, "column": 13 }, "end": { "line": 24, "column": 5 } },
        "loc": { "start": { "line": 14, "column": 13 }, "end": { "line": 24, "column": 5 } },
        "line": 14
      },
      "1": {
        "name": "query",
        "decl": { "start": { "line": 16, "column": 13 }, "end": { "line": 22, "column": 8 } },
        "loc": { "start": { "line": 16, "column": 13 }, "end": { "line": 22, "column": 8 } },
        "line": 16
      }
    },
    "f": { "0": 1, "1": 0 }
  },
  "/Users/raenlin/Desktop/React-RSSchool-2024/class-components/src/store/store.ts": {
    "path": "/Users/raenlin/Desktop/React-RSSchool-2024/class-components/src/store/store.ts",
    "all": false,
    "statementMap": {
      "0": { "start": { "line": 1, "column": 0 }, "end": { "line": 1, "column": 50 } },
      "1": { "start": { "line": 2, "column": 0 }, "end": { "line": 2, "column": 40 } },
      "2": { "start": { "line": 3, "column": 0 }, "end": { "line": 3, "column": 42 } },
      "4": { "start": { "line": 5, "column": 0 }, "end": { "line": 5, "column": 37 } },
      "5": { "start": { "line": 6, "column": 0 }, "end": { "line": 6, "column": 12 } },
      "6": { "start": { "line": 7, "column": 0 }, "end": { "line": 7, "column": 24 } },
      "7": { "start": { "line": 8, "column": 0 }, "end": { "line": 8, "column": 49 } },
      "8": { "start": { "line": 9, "column": 0 }, "end": { "line": 9, "column": 4 } },
      "9": { "start": { "line": 10, "column": 0 }, "end": { "line": 10, "column": 93 } },
      "10": { "start": { "line": 11, "column": 0 }, "end": { "line": 11, "column": 3 } }
    },
    "s": { "0": 1, "1": 1, "2": 1, "4": 1, "5": 1, "6": 1, "7": 1, "8": 1, "9": 1, "10": 1 },
    "branchMap": {
      "0": {
        "type": "branch",
        "line": 10,
        "loc": { "start": { "line": 10, "column": 14 }, "end": { "line": 10, "column": 93 } },
        "locations": [
          { "start": { "line": 10, "column": 14 }, "end": { "line": 10, "column": 93 } }
        ]
      }
    },
    "b": { "0": [1] },
    "fnMap": {
      "0": {
        "name": "middleware",
        "decl": { "start": { "line": 10, "column": 14 }, "end": { "line": 10, "column": 93 } },
        "loc": { "start": { "line": 10, "column": 14 }, "end": { "line": 10, "column": 93 } },
        "line": 10
      }
    },
    "f": { "0": 1 }
  },
  "/Users/raenlin/Desktop/React-RSSchool-2024/class-components/src/utils/constants.ts": {
    "path": "/Users/raenlin/Desktop/React-RSSchool-2024/class-components/src/utils/constants.ts",
    "all": true,
    "statementMap": {
      "0": { "start": { "line": 1, "column": 0 }, "end": { "line": 1, "column": 35 } }
    },
    "s": { "0": 0 },
    "branchMap": {
      "0": {
        "type": "branch",
        "line": 1,
        "loc": { "start": { "line": 1, "column": 35 }, "end": { "line": 1, "column": 35 } },
        "locations": [{ "start": { "line": 1, "column": 35 }, "end": { "line": 1, "column": 35 } }]
      }
    },
    "b": { "0": [0] },
    "fnMap": {
      "0": {
        "name": "(empty-report)",
        "decl": { "start": { "line": 1, "column": 35 }, "end": { "line": 1, "column": 35 } },
        "loc": { "start": { "line": 1, "column": 35 }, "end": { "line": 1, "column": 35 } },
        "line": 1
      }
    },
    "f": { "0": 0 }
  },
  "/Users/raenlin/Desktop/React-RSSchool-2024/class-components/src/utils/localStorageHook.tsx": {
    "path": "/Users/raenlin/Desktop/React-RSSchool-2024/class-components/src/utils/localStorageHook.tsx",
    "all": false,
    "statementMap": {
      "0": { "start": { "line": 1, "column": 0 }, "end": { "line": 1, "column": 33 } },
      "2": { "start": { "line": 3, "column": 0 }, "end": { "line": 3, "column": 70 } },
      "3": { "start": { "line": 4, "column": 0 }, "end": { "line": 4, "column": 64 } },
      "4": { "start": { "line": 5, "column": 0 }, "end": { "line": 5, "column": 49 } },
      "5": { "start": { "line": 6, "column": 0 }, "end": { "line": 6, "column": 59 } },
      "6": { "start": { "line": 7, "column": 0 }, "end": { "line": 7, "column": 5 } },
      "8": { "start": { "line": 9, "column": 0 }, "end": { "line": 9, "column": 51 } },
      "9": { "start": { "line": 10, "column": 0 }, "end": { "line": 10, "column": 40 } },
      "10": { "start": { "line": 11, "column": 0 }, "end": { "line": 11, "column": 3 } },
      "12": { "start": { "line": 13, "column": 0 }, "end": { "line": 13, "column": 70 } },
      "13": { "start": { "line": 14, "column": 0 }, "end": { "line": 14, "column": 2 } }
    },
    "s": {
      "0": 1,
      "2": 1,
      "3": 11,
      "4": 4,
      "5": 4,
      "6": 11,
      "8": 11,
      "9": 1,
      "10": 1,
      "12": 11,
      "13": 11
    },
    "branchMap": {
      "0": {
        "type": "branch",
        "line": 3,
        "loc": { "start": { "line": 3, "column": 30 }, "end": { "line": 14, "column": 2 } },
        "locations": [{ "start": { "line": 3, "column": 30 }, "end": { "line": 14, "column": 2 } }]
      },
      "1": {
        "type": "branch",
        "line": 4,
        "loc": { "start": { "line": 4, "column": 57 }, "end": { "line": 7, "column": 3 } },
        "locations": [{ "start": { "line": 4, "column": 57 }, "end": { "line": 7, "column": 3 } }]
      },
      "2": {
        "type": "branch",
        "line": 6,
        "loc": { "start": { "line": 6, "column": 26 }, "end": { "line": 6, "column": 46 } },
        "locations": [{ "start": { "line": 6, "column": 26 }, "end": { "line": 6, "column": 46 } }]
      },
      "3": {
        "type": "branch",
        "line": 6,
        "loc": { "start": { "line": 6, "column": 33 }, "end": { "line": 6, "column": 59 } },
        "locations": [{ "start": { "line": 6, "column": 33 }, "end": { "line": 6, "column": 59 } }]
      },
      "4": {
        "type": "branch",
        "line": 9,
        "loc": { "start": { "line": 9, "column": 2 }, "end": { "line": 11, "column": 3 } },
        "locations": [{ "start": { "line": 9, "column": 2 }, "end": { "line": 11, "column": 3 } }]
      }
    },
    "b": { "0": [11], "1": [4], "2": [1], "3": [3], "4": [1] },
    "fnMap": {
      "0": {
        "name": "useSearchQuery",
        "decl": { "start": { "line": 3, "column": 30 }, "end": { "line": 14, "column": 2 } },
        "loc": { "start": { "line": 3, "column": 30 }, "end": { "line": 14, "column": 2 } },
        "line": 3
      },
      "1": {
        "name": "setLocalStorageValue",
        "decl": { "start": { "line": 9, "column": 2 }, "end": { "line": 11, "column": 3 } },
        "loc": { "start": { "line": 9, "column": 2 }, "end": { "line": 11, "column": 3 } },
        "line": 9
      }
    },
    "f": { "0": 11, "1": 1 }
  },
  "/Users/raenlin/Desktop/React-RSSchool-2024/class-components/src/view/404/404.tsx": {
    "path": "/Users/raenlin/Desktop/React-RSSchool-2024/class-components/src/view/404/404.tsx",
    "all": true,
    "statementMap": {
      "0": { "start": { "line": 1, "column": 0 }, "end": { "line": 1, "column": 40 } },
      "2": { "start": { "line": 3, "column": 0 }, "end": { "line": 3, "column": 28 } },
      "3": { "start": { "line": 4, "column": 0 }, "end": { "line": 4, "column": 10 } },
      "4": { "start": { "line": 5, "column": 0 }, "end": { "line": 5, "column": 9 } },
      "5": { "start": { "line": 6, "column": 0 }, "end": { "line": 6, "column": 20 } },
      "6": { "start": { "line": 7, "column": 0 }, "end": { "line": 7, "column": 53 } },
      "7": { "start": { "line": 8, "column": 0 }, "end": { "line": 8, "column": 30 } },
      "8": { "start": { "line": 9, "column": 0 }, "end": { "line": 9, "column": 10 } },
      "10": { "start": { "line": 11, "column": 0 }, "end": { "line": 11, "column": 1 } }
    },
    "s": { "0": 0, "2": 0, "3": 0, "4": 0, "5": 0, "6": 0, "7": 0, "8": 0, "10": 0 },
    "branchMap": {
      "0": {
        "type": "branch",
        "line": 1,
        "loc": { "start": { "line": 1, "column": 215 }, "end": { "line": 11, "column": 1 } },
        "locations": [{ "start": { "line": 1, "column": 215 }, "end": { "line": 11, "column": 1 } }]
      }
    },
    "b": { "0": [0] },
    "fnMap": {
      "0": {
        "name": "(empty-report)",
        "decl": { "start": { "line": 1, "column": 215 }, "end": { "line": 11, "column": 1 } },
        "loc": { "start": { "line": 1, "column": 215 }, "end": { "line": 11, "column": 1 } },
        "line": 1
      }
    },
    "f": { "0": 0 }
  },
  "/Users/raenlin/Desktop/React-RSSchool-2024/class-components/src/view/Footer/footer.tsx": {
    "path": "/Users/raenlin/Desktop/React-RSSchool-2024/class-components/src/view/Footer/footer.tsx",
    "all": true,
    "statementMap": {
      "0": { "start": { "line": 1, "column": 0 }, "end": { "line": 1, "column": 22 } },
      "2": { "start": { "line": 3, "column": 0 }, "end": { "line": 3, "column": 19 } },
      "3": { "start": { "line": 4, "column": 0 }, "end": { "line": 4, "column": 10 } },
      "4": { "start": { "line": 5, "column": 0 }, "end": { "line": 5, "column": 12 } },
      "5": { "start": { "line": 6, "column": 0 }, "end": { "line": 6, "column": 36 } },
      "6": { "start": { "line": 7, "column": 0 }, "end": { "line": 7, "column": 61 } },
      "7": { "start": { "line": 8, "column": 0 }, "end": { "line": 8, "column": 26 } },
      "8": { "start": { "line": 9, "column": 0 }, "end": { "line": 9, "column": 12 } },
      "9": { "start": { "line": 10, "column": 0 }, "end": { "line": 10, "column": 12 } },
      "10": { "start": { "line": 11, "column": 0 }, "end": { "line": 11, "column": 13 } },
      "12": { "start": { "line": 13, "column": 0 }, "end": { "line": 13, "column": 1 } },
      "14": { "start": { "line": 15, "column": 0 }, "end": { "line": 15, "column": 22 } }
    },
    "s": {
      "0": 0,
      "2": 0,
      "3": 0,
      "4": 0,
      "5": 0,
      "6": 0,
      "7": 0,
      "8": 0,
      "9": 0,
      "10": 0,
      "12": 0,
      "14": 0
    },
    "branchMap": {
      "0": {
        "type": "branch",
        "line": 1,
        "loc": { "start": { "line": 1, "column": 0 }, "end": { "line": 15, "column": -182 } },
        "locations": [
          { "start": { "line": 1, "column": 0 }, "end": { "line": 15, "column": -182 } }
        ]
      }
    },
    "b": { "0": [0] },
    "fnMap": {
      "0": {
        "name": "(empty-report)",
        "decl": { "start": { "line": 1, "column": 0 }, "end": { "line": 15, "column": -182 } },
        "loc": { "start": { "line": 1, "column": 0 }, "end": { "line": 15, "column": -182 } },
        "line": 1
      }
    },
    "f": { "0": 0 }
  },
  "/Users/raenlin/Desktop/React-RSSchool-2024/class-components/src/view/Header/header.tsx": {
    "path": "/Users/raenlin/Desktop/React-RSSchool-2024/class-components/src/view/Header/header.tsx",
    "all": true,
    "statementMap": {
      "0": { "start": { "line": 1, "column": 0 }, "end": { "line": 1, "column": 22 } },
      "1": { "start": { "line": 2, "column": 0 }, "end": { "line": 2, "column": 35 } },
      "3": { "start": { "line": 4, "column": 0 }, "end": { "line": 4, "column": 52 } },
      "5": { "start": { "line": 6, "column": 0 }, "end": { "line": 6, "column": 40 } },
      "6": { "start": { "line": 7, "column": 0 }, "end": { "line": 7, "column": 64 } },
      "7": { "start": { "line": 8, "column": 0 }, "end": { "line": 8, "column": 10 } },
      "8": { "start": { "line": 9, "column": 0 }, "end": { "line": 9, "column": 12 } },
      "9": { "start": { "line": 10, "column": 0 }, "end": { "line": 10, "column": 38 } },
      "10": { "start": { "line": 11, "column": 0 }, "end": { "line": 11, "column": 23 } },
      "11": { "start": { "line": 12, "column": 0 }, "end": { "line": 12, "column": 15 } },
      "12": { "start": { "line": 13, "column": 0 }, "end": { "line": 13, "column": 97 } },
      "13": { "start": { "line": 14, "column": 0 }, "end": { "line": 14, "column": 37 } },
      "15": { "start": { "line": 16, "column": 0 }, "end": { "line": 16, "column": 17 } },
      "16": { "start": { "line": 17, "column": 0 }, "end": { "line": 17, "column": 17 } },
      "17": { "start": { "line": 18, "column": 0 }, "end": { "line": 18, "column": 12 } },
      "18": { "start": { "line": 19, "column": 0 }, "end": { "line": 19, "column": 13 } },
      "20": { "start": { "line": 21, "column": 0 }, "end": { "line": 21, "column": 1 } },
      "22": { "start": { "line": 23, "column": 0 }, "end": { "line": 23, "column": 22 } }
    },
    "s": {
      "0": 0,
      "1": 0,
      "3": 0,
      "5": 0,
      "6": 0,
      "7": 0,
      "8": 0,
      "9": 0,
      "10": 0,
      "11": 0,
      "12": 0,
      "13": 0,
      "15": 0,
      "16": 0,
      "17": 0,
      "18": 0,
      "20": 0,
      "22": 0
    },
    "branchMap": {
      "0": {
        "type": "branch",
        "line": 1,
        "loc": { "start": { "line": 1, "column": 0 }, "end": { "line": 23, "column": -304 } },
        "locations": [
          { "start": { "line": 1, "column": 0 }, "end": { "line": 23, "column": -304 } }
        ]
      }
    },
    "b": { "0": [0] },
    "fnMap": {
      "0": {
        "name": "(empty-report)",
        "decl": { "start": { "line": 1, "column": 0 }, "end": { "line": 23, "column": -304 } },
        "loc": { "start": { "line": 1, "column": 0 }, "end": { "line": 23, "column": -304 } },
        "line": 1
      }
    },
    "f": { "0": 0 }
  },
  "/Users/raenlin/Desktop/React-RSSchool-2024/class-components/src/view/Main/main.tsx": {
    "path": "/Users/raenlin/Desktop/React-RSSchool-2024/class-components/src/view/Main/main.tsx",
    "all": true,
    "statementMap": {
      "0": { "start": { "line": 1, "column": 0 }, "end": { "line": 1, "column": 20 } },
      "1": { "start": { "line": 2, "column": 0 }, "end": { "line": 2, "column": 46 } },
      "3": { "start": { "line": 4, "column": 0 }, "end": { "line": 4, "column": 68 } },
      "4": { "start": { "line": 5, "column": 0 }, "end": { "line": 5, "column": 55 } },
      "5": { "start": { "line": 6, "column": 0 }, "end": { "line": 6, "column": 35 } },
      "6": { "start": { "line": 7, "column": 0 }, "end": { "line": 7, "column": 52 } },
      "8": { "start": { "line": 9, "column": 0 }, "end": { "line": 9, "column": 61 } },
      "9": { "start": { "line": 10, "column": 0 }, "end": { "line": 10, "column": 45 } },
      "10": { "start": { "line": 11, "column": 0 }, "end": { "line": 11, "column": 33 } },
      "11": { "start": { "line": 12, "column": 0 }, "end": { "line": 12, "column": 10 } },
      "12": { "start": { "line": 13, "column": 0 }, "end": { "line": 13, "column": 76 } },
      "13": { "start": { "line": 14, "column": 0 }, "end": { "line": 14, "column": 42 } },
      "14": { "start": { "line": 15, "column": 0 }, "end": { "line": 15, "column": 34 } },
      "15": { "start": { "line": 16, "column": 0 }, "end": { "line": 16, "column": 32 } },
      "16": { "start": { "line": 17, "column": 0 }, "end": { "line": 17, "column": 17 } },
      "17": { "start": { "line": 18, "column": 0 }, "end": { "line": 18, "column": 29 } },
      "18": { "start": { "line": 19, "column": 0 }, "end": { "line": 19, "column": 110 } },
      "19": { "start": { "line": 20, "column": 0 }, "end": { "line": 20, "column": 52 } },
      "20": { "start": { "line": 21, "column": 0 }, "end": { "line": 21, "column": 25 } },
      "21": { "start": { "line": 22, "column": 0 }, "end": { "line": 22, "column": 14 } },
      "22": { "start": { "line": 23, "column": 0 }, "end": { "line": 23, "column": 13 } },
      "23": { "start": { "line": 24, "column": 0 }, "end": { "line": 24, "column": 13 } },
      "24": { "start": { "line": 25, "column": 0 }, "end": { "line": 25, "column": 18 } },
      "25": { "start": { "line": 26, "column": 0 }, "end": { "line": 26, "column": 12 } },
      "26": { "start": { "line": 27, "column": 0 }, "end": { "line": 27, "column": 99 } },
      "27": { "start": { "line": 28, "column": 0 }, "end": { "line": 28, "column": 14 } },
      "29": { "start": { "line": 30, "column": 0 }, "end": { "line": 30, "column": 1 } },
      "31": { "start": { "line": 32, "column": 0 }, "end": { "line": 32, "column": 20 } }
    },
    "s": {
      "0": 0,
      "1": 0,
      "3": 0,
      "4": 0,
      "5": 0,
      "6": 0,
      "8": 0,
      "9": 0,
      "10": 0,
      "11": 0,
      "12": 0,
      "13": 0,
      "14": 0,
      "15": 0,
      "16": 0,
      "17": 0,
      "18": 0,
      "19": 0,
      "20": 0,
      "21": 0,
      "22": 0,
      "23": 0,
      "24": 0,
      "25": 0,
      "26": 0,
      "27": 0,
      "29": 0,
      "31": 0
    },
    "branchMap": {
      "0": {
        "type": "branch",
        "line": 1,
        "loc": { "start": { "line": 1, "column": 0 }, "end": { "line": 32, "column": -552 } },
        "locations": [
          { "start": { "line": 1, "column": 0 }, "end": { "line": 32, "column": -552 } }
        ]
      }
    },
    "b": { "0": [0] },
    "fnMap": {
      "0": {
        "name": "(empty-report)",
        "decl": { "start": { "line": 1, "column": 0 }, "end": { "line": 32, "column": -552 } },
        "loc": { "start": { "line": 1, "column": 0 }, "end": { "line": 32, "column": -552 } },
        "line": 1
      }
    },
    "f": { "0": 0 }
  },
  "/Users/raenlin/Desktop/React-RSSchool-2024/class-components/src/view/Search/search.tsx": {
    "path": "/Users/raenlin/Desktop/React-RSSchool-2024/class-components/src/view/Search/search.tsx",
    "all": false,
    "statementMap": {
      "0": { "start": { "line": 1, "column": 0 }, "end": { "line": 1, "column": 22 } },
      "1": { "start": { "line": 2, "column": 0 }, "end": { "line": 2, "column": 46 } },
      "2": { "start": { "line": 3, "column": 0 }, "end": { "line": 3, "column": 52 } },
      "3": { "start": { "line": 4, "column": 0 }, "end": { "line": 4, "column": 49 } },
      "5": { "start": { "line": 6, "column": 0 }, "end": { "line": 6, "column": 47 } },
      "6": { "start": { "line": 7, "column": 0 }, "end": { "line": 7, "column": 62 } },
      "8": { "start": { "line": 9, "column": 0 }, "end": { "line": 9, "column": 53 } },
      "9": { "start": { "line": 10, "column": 0 }, "end": { "line": 10, "column": 41 } },
      "10": { "start": { "line": 11, "column": 0 }, "end": { "line": 11, "column": 44 } },
      "11": { "start": { "line": 12, "column": 0 }, "end": { "line": 12, "column": 55 } },
      "12": { "start": { "line": 13, "column": 0 }, "end": { "line": 13, "column": 85 } },
      "14": { "start": { "line": 15, "column": 0 }, "end": { "line": 15, "column": 33 } },
      "16": { "start": { "line": 17, "column": 0 }, "end": { "line": 17, "column": 29 } },
      "17": { "start": { "line": 18, "column": 0 }, "end": { "line": 18, "column": 36 } },
      "18": { "start": { "line": 19, "column": 0 }, "end": { "line": 19, "column": 37 } },
      "19": { "start": { "line": 20, "column": 0 }, "end": { "line": 20, "column": 16 } },
      "20": { "start": { "line": 21, "column": 0 }, "end": { "line": 21, "column": 29 } },
      "21": { "start": { "line": 22, "column": 0 }, "end": { "line": 22, "column": 43 } },
      "22": { "start": { "line": 23, "column": 0 }, "end": { "line": 23, "column": 12 } },
      "23": { "start": { "line": 24, "column": 0 }, "end": { "line": 24, "column": 19 } },
      "24": { "start": { "line": 25, "column": 0 }, "end": { "line": 25, "column": 51 } },
      "25": { "start": { "line": 26, "column": 0 }, "end": { "line": 26, "column": 29 } },
      "26": { "start": { "line": 27, "column": 0 }, "end": { "line": 27, "column": 76 } },
      "27": { "start": { "line": 28, "column": 0 }, "end": { "line": 28, "column": 5 } },
      "28": { "start": { "line": 29, "column": 0 }, "end": { "line": 29, "column": 17 } },
      "29": { "start": { "line": 30, "column": 0 }, "end": { "line": 30, "column": 4 } },
      "31": { "start": { "line": 32, "column": 0 }, "end": { "line": 32, "column": 66 } },
      "32": { "start": { "line": 33, "column": 0 }, "end": { "line": 33, "column": 40 } },
      "33": { "start": { "line": 34, "column": 0 }, "end": { "line": 34, "column": 33 } },
      "34": { "start": { "line": 35, "column": 0 }, "end": { "line": 35, "column": 33 } },
      "35": { "start": { "line": 36, "column": 0 }, "end": { "line": 36, "column": 4 } },
      "37": { "start": { "line": 38, "column": 0 }, "end": { "line": 38, "column": 43 } },
      "39": { "start": { "line": 40, "column": 0 }, "end": { "line": 40, "column": 14 } },
      "40": { "start": { "line": 41, "column": 0 }, "end": { "line": 41, "column": 34 } },
      "41": { "start": { "line": 42, "column": 0 }, "end": { "line": 42, "column": 10 } },
      "42": { "start": { "line": 43, "column": 0 }, "end": { "line": 43, "column": 12 } },
      "43": { "start": { "line": 44, "column": 0 }, "end": { "line": 44, "column": 34 } },
      "44": { "start": { "line": 45, "column": 0 }, "end": { "line": 45, "column": 38 } },
      "45": { "start": { "line": 46, "column": 0 }, "end": { "line": 46, "column": 16 } },
      "46": { "start": { "line": 47, "column": 0 }, "end": { "line": 47, "column": 25 } },
      "47": { "start": { "line": 48, "column": 0 }, "end": { "line": 48, "column": 23 } },
      "48": { "start": { "line": 49, "column": 0 }, "end": { "line": 49, "column": 43 } },
      "49": { "start": { "line": 50, "column": 0 }, "end": { "line": 50, "column": 50 } },
      "50": { "start": { "line": 51, "column": 0 }, "end": { "line": 51, "column": 35 } },
      "51": { "start": { "line": 52, "column": 0 }, "end": { "line": 52, "column": 12 } },
      "52": { "start": { "line": 53, "column": 0 }, "end": { "line": 53, "column": 89 } },
      "53": { "start": { "line": 54, "column": 0 }, "end": { "line": 54, "column": 79 } },
      "55": { "start": { "line": 56, "column": 0 }, "end": { "line": 56, "column": 19 } },
      "56": { "start": { "line": 57, "column": 0 }, "end": { "line": 57, "column": 14 } },
      "57": { "start": { "line": 58, "column": 0 }, "end": { "line": 58, "column": 16 } },
      "59": { "start": { "line": 60, "column": 0 }, "end": { "line": 60, "column": 3 } },
      "60": { "start": { "line": 61, "column": 0 }, "end": { "line": 61, "column": 1 } },
      "62": { "start": { "line": 63, "column": 0 }, "end": { "line": 63, "column": 22 } }
    },
    "s": {
      "0": 1,
      "1": 1,
      "2": 1,
      "3": 1,
      "5": 1,
      "6": 1,
      "8": 12,
      "9": 12,
      "10": 12,
      "11": 12,
      "12": 12,
      "14": 12,
      "16": 12,
      "17": 1,
      "18": 1,
      "19": 1,
      "20": 1,
      "21": 1,
      "22": 1,
      "23": 0,
      "24": 0,
      "25": 0,
      "26": 0,
      "27": 0,
      "28": 1,
      "29": 1,
      "31": 12,
      "32": 2,
      "33": 2,
      "34": 2,
      "35": 2,
      "37": 12,
      "39": 12,
      "40": 4,
      "41": 12,
      "42": 7,
      "43": 7,
      "44": 7,
      "45": 7,
      "46": 7,
      "47": 7,
      "48": 7,
      "49": 7,
      "50": 7,
      "51": 7,
      "52": 7,
      "53": 7,
      "55": 7,
      "56": 7,
      "57": 7,
      "59": 7,
      "60": 12,
      "62": 1
    },
    "branchMap": {
      "0": {
        "type": "branch",
        "line": 9,
        "loc": { "start": { "line": 9, "column": 0 }, "end": { "line": 61, "column": 1 } },
        "locations": [{ "start": { "line": 9, "column": 0 }, "end": { "line": 61, "column": 1 } }]
      },
      "1": {
        "type": "branch",
        "line": 40,
        "loc": { "start": { "line": 40, "column": 13 }, "end": { "line": 42, "column": 9 } },
        "locations": [{ "start": { "line": 40, "column": 13 }, "end": { "line": 42, "column": 9 } }]
      },
      "2": {
        "type": "branch",
        "line": 42,
        "loc": { "start": { "line": 42, "column": 2 }, "end": { "line": 60, "column": 3 } },
        "locations": [{ "start": { "line": 42, "column": 2 }, "end": { "line": 60, "column": 3 } }]
      },
      "3": {
        "type": "branch",
        "line": 17,
        "loc": { "start": { "line": 17, "column": 22 }, "end": { "line": 30, "column": 4 } },
        "locations": [{ "start": { "line": 17, "column": 22 }, "end": { "line": 30, "column": 4 } }]
      },
      "4": {
        "type": "branch",
        "line": 23,
        "loc": { "start": { "line": 23, "column": 4 }, "end": { "line": 28, "column": 5 } },
        "locations": [{ "start": { "line": 23, "column": 4 }, "end": { "line": 28, "column": 5 } }]
      },
      "5": {
        "type": "branch",
        "line": 32,
        "loc": { "start": { "line": 32, "column": 23 }, "end": { "line": 36, "column": 4 } },
        "locations": [{ "start": { "line": 32, "column": 23 }, "end": { "line": 36, "column": 4 } }]
      },
      "6": {
        "type": "branch",
        "line": 38,
        "loc": { "start": { "line": 38, "column": 22 }, "end": { "line": 38, "column": 43 } },
        "locations": [
          { "start": { "line": 38, "column": 22 }, "end": { "line": 38, "column": 43 } }
        ]
      }
    },
    "b": { "0": [12], "1": [4], "2": [7], "3": [1], "4": [0], "5": [2], "6": [1] },
    "fnMap": {
      "0": {
        "name": "Search",
        "decl": { "start": { "line": 9, "column": 0 }, "end": { "line": 61, "column": 1 } },
        "loc": { "start": { "line": 9, "column": 0 }, "end": { "line": 61, "column": 1 } },
        "line": 9
      },
      "1": {
        "name": "handleClick",
        "decl": { "start": { "line": 17, "column": 22 }, "end": { "line": 30, "column": 4 } },
        "loc": { "start": { "line": 17, "column": 22 }, "end": { "line": 30, "column": 4 } },
        "line": 17
      },
      "2": {
        "name": "handleChange",
        "decl": { "start": { "line": 32, "column": 23 }, "end": { "line": 36, "column": 4 } },
        "loc": { "start": { "line": 32, "column": 23 }, "end": { "line": 36, "column": 4 } },
        "line": 32
      },
      "3": {
        "name": "handleError",
        "decl": { "start": { "line": 38, "column": 22 }, "end": { "line": 38, "column": 43 } },
        "loc": { "start": { "line": 38, "column": 22 }, "end": { "line": 38, "column": 43 } },
        "line": 38
      }
    },
    "f": { "0": 12, "1": 1, "2": 2, "3": 1 }
  }
}
